<?xml version="1.0" encoding="UTF-8"?>
<!-- Generated by org.testng.reporters.JUnitXMLReporter -->
<testsuite ignored="0" hostname="Sureshs-Air.attlocal.net" failures="1" tests="1" name="Test" time="4.794" errors="0" timestamp="2025-05-01T15:11:33 PDT">
  <testcase classname="testCases.TC003_LoginDDT" name="verify_loginDDt" time="0.0">
    <failure type="org.testng.TestNGException" message="
Method public void testCases.TC003_LoginDDT.verify_loginDDt(java.lang.String,java.lang.String,java.lang.String) requires a @DataProvider named :  LoginData in class utilities.DataProviders">
      <![CDATA[org.testng.TestNGException: 
Method public void testCases.TC003_LoginDDT.verify_loginDDt(java.lang.String,java.lang.String,java.lang.String) requires a @DataProvider named :  LoginData in class utilities.DataProviders
at java.base/java.util.ArrayList.forEach(ArrayList.java:1596)
... Removed 24 stack frames]]>
    </failure>
  </testcase> <!-- verify_loginDDt -->
</testsuite> <!-- Test -->
