<?xml version="1.0" encoding="UTF-8"?>
<testng-results ignored="0" total="2" passed="2" failed="0" skipped="0">
  <reporter-output>
  </reporter-output>
  <suite started-at="2025-05-31T15:16:24 PDT" name=" Master Suite" finished-at="2025-05-31T15:16:38 PDT" duration-ms="13270">
    <groups>
      <group name="Master">
        <method signature="TC002_LoginTest.verify_login()[pri:0, instance:testCases.TC002_LoginTest@dbf57b3]" name="verify_login" class="testCases.TC002_LoginTest"/>
        <method signature="TC_001AccountRegTest.verify_account_reg()[pri:0, instance:testCases.TC_001AccountRegTest@6e171cd7]" name="verify_account_reg" class="testCases.TC_001AccountRegTest"/>
      </group> <!-- Master -->
      <group name="Sanity">
        <method signature="TC002_LoginTest.verify_login()[pri:0, instance:testCases.TC002_LoginTest@dbf57b3]" name="verify_login" class="testCases.TC002_LoginTest"/>
      </group> <!-- Sanity -->
      <group name="Regression">
        <method signature="TC_001AccountRegTest.verify_account_reg()[pri:0, instance:testCases.TC_001AccountRegTest@6e171cd7]" name="verify_account_reg" class="testCases.TC_001AccountRegTest"/>
      </group> <!-- Regression -->
    </groups>
    <test started-at="2025-05-31T15:16:24 PDT" name="Test" finished-at="2025-05-31T15:16:38 PDT" duration-ms="13270">
      <class name="testCases.TC002_LoginTest">
        <test-method is-config="true" signature="setup(java.lang.String,java.lang.String)[pri:0, instance:testCases.TC002_LoginTest@dbf57b3]" started-at="2025-05-31T15:16:32 PDT" name="setup" finished-at="2025-05-31T15:16:35 PDT" duration-ms="3368" status="PASS">
          <params>
            <param index="0">
              <value>
                <![CDATA[Linux]]>
              </value>
            </param>
            <param index="1">
              <value>
                <![CDATA[firefox]]>
              </value>
            </param>
          </params>
          <reporter-output>
          </reporter-output>
        </test-method> <!-- setup -->
        <test-method signature="verify_login()[pri:0, instance:testCases.TC002_LoginTest@dbf57b3]" started-at="2025-05-31T15:16:35 PDT" name="verify_login" finished-at="2025-05-31T15:16:37 PDT" duration-ms="1693" status="PASS">
          <reporter-output>
          </reporter-output>
        </test-method> <!-- verify_login -->
        <test-method is-config="true" signature="tearDown()[pri:0, instance:testCases.TC002_LoginTest@dbf57b3]" started-at="2025-05-31T15:16:37 PDT" name="tearDown" finished-at="2025-05-31T15:16:38 PDT" duration-ms="559" status="PASS">
          <reporter-output>
          </reporter-output>
        </test-method> <!-- tearDown -->
      </class> <!-- testCases.TC002_LoginTest -->
      <class name="testCases.TC_001AccountRegTest">
        <test-method is-config="true" signature="setup(java.lang.String,java.lang.String)[pri:0, instance:testCases.TC_001AccountRegTest@6e171cd7]" started-at="2025-05-31T15:16:25 PDT" name="setup" finished-at="2025-05-31T15:16:29 PDT" duration-ms="4355" status="PASS">
          <params>
            <param index="0">
              <value>
                <![CDATA[Linux]]>
              </value>
            </param>
            <param index="1">
              <value>
                <![CDATA[firefox]]>
              </value>
            </param>
          </params>
          <reporter-output>
          </reporter-output>
        </test-method> <!-- setup -->
        <test-method signature="verify_account_reg()[pri:0, instance:testCases.TC_001AccountRegTest@6e171cd7]" started-at="2025-05-31T15:16:29 PDT" name="verify_account_reg" finished-at="2025-05-31T15:16:32 PDT" duration-ms="2604" status="PASS">
          <reporter-output>
          </reporter-output>
        </test-method> <!-- verify_account_reg -->
        <test-method is-config="true" signature="tearDown()[pri:0, instance:testCases.TC_001AccountRegTest@6e171cd7]" started-at="2025-05-31T15:16:32 PDT" name="tearDown" finished-at="2025-05-31T15:16:32 PDT" duration-ms="560" status="PASS">
          <reporter-output>
          </reporter-output>
        </test-method> <!-- tearDown -->
      </class> <!-- testCases.TC_001AccountRegTest -->
    </test> <!-- Test -->
  </suite> <!--  Master Suite -->
</testng-results>
